生成启动时间为 2019-03-25 16:53:02。
     1>项目“C:\Users\lenovo\Desktop\比特科技\递归和非递归分别实现求n的阶乘\递归和非递归分别实现求n的阶乘\递归和非递归分别实现求n的阶乘.vcxproj”在节点 2 上(build 个目标)。
     1>InitializeBuildStatus:
         正在对“Debug\递归和非递归分别实现求n的阶乘.unsuccessfulbuild”执行 Touch 任务。
       ClCompile:
         C:\Program Files (x86)\Microsoft Visual Studio 10.0\VC\bin\CL.exe /c /ZI /nologo /W3 /WX- /Od /Oy- /D _UNICODE /D UNICODE /Gm /EHsc /RTC1 /MDd /GS /fp:precise /Zc:wchar_t /Zc:forScope /Fo"Debug\\" /Fd"Debug\vc100.pdb" /Gd /TP /analyze- /errorReport:prompt "递归和非递归分别实现求n的阶乘.cpp"
         递归和非递归分别实现求n的阶乘.cpp
     1>c:\users\lenovo\desktop\比特科技\递归和非递归分别实现求n的阶乘\递归和非递归分别实现求n的阶乘\递归和非递归分别实现求n的阶乘.cpp(15): warning C4996: 'scanf': This function or variable may be unsafe. Consider using scanf_s instead. To disable deprecation, use _CRT_SECURE_NO_WARNINGS. See online help for details.
                 c:\program files (x86)\microsoft visual studio 10.0\vc\include\stdio.h(304) : 参见“scanf”的声明
     1>c:\users\lenovo\desktop\比特科技\递归和非递归分别实现求n的阶乘\递归和非递归分别实现求n的阶乘\递归和非递归分别实现求n的阶乘.cpp(10): warning C4715: “Factorial”: 不是所有的控件路径都返回值
       Link:
         C:\Program Files (x86)\Microsoft Visual Studio 10.0\VC\bin\link.exe /ERRORREPORT:PROMPT /OUT:"C:\Users\lenovo\Desktop\比特科技\递归和非递归分别实现求n的阶乘\Debug\递归和非递归分别实现求n的阶乘.exe" /NOLOGO kernel32.lib user32.lib gdi32.lib winspool.lib comdlg32.lib advapi32.lib shell32.lib ole32.lib oleaut32.lib uuid.lib odbc32.lib odbccp32.lib /MANIFEST /ManifestFile:"Debug\递归和非递归分别实现求n的阶乘.exe.intermediate.manifest" /MANIFESTUAC:"level='asInvoker' uiAccess='false'" /DEBUG /PDB:"C:\Users\lenovo\Desktop\比特科技\递归和非递归分别实现求n的阶乘\Debug\递归和非递归分别实现求n的阶乘.pdb" /TLBID:1 /DYNAMICBASE /NXCOMPAT /IMPLIB:"C:\Users\lenovo\Desktop\比特科技\递归和非递归分别实现求n的阶乘\Debug\递归和非递归分别实现求n的阶乘.lib" /MACHINE:X86 "Debug\递归和非递归分别实现求n的阶乘.obj"
         LINK : 没有找到 C:\Users\lenovo\Desktop\比特科技\递归和非递归分别实现求n的阶乘\Debug\递归和非递归分别实现求n的阶乘.exe 或上一个增量链接没有生成它；正在执行完全链接
         递归和非递归分别实现求n的阶乘.vcxproj -> C:\Users\lenovo\Desktop\比特科技\递归和非递归分别实现求n的阶乘\Debug\递归和非递归分别实现求n的阶乘.exe
       Manifest:
         C:\Program Files (x86)\Microsoft SDKs\Windows\v7.0A\bin\mt.exe /nologo /verbose /outputresource:"C:\Users\lenovo\Desktop\比特科技\递归和非递归分别实现求n的阶乘\Debug\递归和非递归分别实现求n的阶乘.exe;#1" /manifest "Debug\递归和非递归分别实现求n的阶乘.exe.intermediate.manifest"
       FinalizeBuildStatus:
         正在删除文件“Debug\递归和非递归分别实现求n的阶乘.unsuccessfulbuild”。
         正在对“Debug\递归和非递归分别实现求n的阶乘.lastbuildstate”执行 Touch 任务。
     1>已完成生成项目“C:\Users\lenovo\Desktop\比特科技\递归和非递归分别实现求n的阶乘\递归和非递归分别实现求n的阶乘\递归和非递归分别实现求n的阶乘.vcxproj”(build 个目标)的操作。

生成成功。

已用时间 00:00:04.11
