生成启动时间为 2019-04-10 16:14:54。
     1>项目“C:\Users\lenovo\Desktop\比特科技\比特位中的不同\比特位中的不同\比特位中的不同.vcxproj”在节点 2 上(build 个目标)。
     1>PrepareForBuild:
         正在创建目录“C:\Users\lenovo\Desktop\比特科技\比特位中的不同\Debug\”。
       InitializeBuildStatus:
         正在创建“Debug\比特位中的不同.unsuccessfulbuild”，因为已指定“AlwaysCreate”。
       ClCompile:
         C:\Program Files (x86)\Microsoft Visual Studio 10.0\VC\bin\CL.exe /c /ZI /nologo /W3 /WX- /Od /Oy- /D _UNICODE /D UNICODE /Gm /EHsc /RTC1 /MDd /GS /fp:precise /Zc:wchar_t /Zc:forScope /Fo"Debug\\" /Fd"Debug\vc100.pdb" /Gd /TC /analyze- /errorReport:prompt test.c
         test.c
       Link:
         C:\Program Files (x86)\Microsoft Visual Studio 10.0\VC\bin\link.exe /ERRORREPORT:PROMPT /OUT:"C:\Users\lenovo\Desktop\比特科技\比特位中的不同\Debug\比特位中的不同.exe" /NOLOGO kernel32.lib user32.lib gdi32.lib winspool.lib comdlg32.lib advapi32.lib shell32.lib ole32.lib oleaut32.lib uuid.lib odbc32.lib odbccp32.lib /MANIFEST /ManifestFile:"Debug\比特位中的不同.exe.intermediate.manifest" /MANIFESTUAC:"level='asInvoker' uiAccess='false'" /DEBUG /PDB:"C:\Users\lenovo\Desktop\比特科技\比特位中的不同\Debug\比特位中的不同.pdb" /TLBID:1 /DYNAMICBASE /NXCOMPAT /IMPLIB:"C:\Users\lenovo\Desktop\比特科技\比特位中的不同\Debug\比特位中的不同.lib" /MACHINE:X86 Debug\test.obj
         比特位中的不同.vcxproj -> C:\Users\lenovo\Desktop\比特科技\比特位中的不同\Debug\比特位中的不同.exe
       Manifest:
         C:\Program Files (x86)\Microsoft SDKs\Windows\v7.0A\bin\mt.exe /nologo /verbose /outputresource:"C:\Users\lenovo\Desktop\比特科技\比特位中的不同\Debug\比特位中的不同.exe;#1" /manifest "Debug\比特位中的不同.exe.intermediate.manifest"
       FinalizeBuildStatus:
         正在删除文件“Debug\比特位中的不同.unsuccessfulbuild”。
         正在对“Debug\比特位中的不同.lastbuildstate”执行 Touch 任务。
     1>已完成生成项目“C:\Users\lenovo\Desktop\比特科技\比特位中的不同\比特位中的不同\比特位中的不同.vcxproj”(build 个目标)的操作。

生成成功。

已用时间 00:00:03.90
