生成启动时间为 2019-04-08 19:52:29。
     1>项目“C:\Users\lenovo\Desktop\比特科技\简单C实现扫雷\简单C实现扫雷\简单C实现扫雷.vcxproj”在节点 2 上(build 个目标)。
     1>InitializeBuildStatus:
         正在对“Debug\简单C实现扫雷.unsuccessfulbuild”执行 Touch 任务。
       ClCompile:
         C:\Program Files (x86)\Microsoft Visual Studio 10.0\VC\bin\CL.exe /c /ZI /nologo /W3 /WX- /Od /Oy- /D _UNICODE /D UNICODE /Gm /EHsc /RTC1 /MDd /GS /fp:precise /Zc:wchar_t /Zc:forScope /Fo"Debug\\" /Fd"Debug\vc100.pdb" /Gd /TC /analyze- /errorReport:prompt game.c test.c
         test.c
     1>c:\users\lenovo\desktop\比特科技\简单c实现扫雷\简单c实现扫雷\test.c(49): error C2143: 语法错误 : 缺少“;”(在“类型”的前面)
     1>c:\users\lenovo\desktop\比特科技\简单c实现扫雷\简单c实现扫雷\test.c(53): error C2065: “input”: 未声明的标识符
     1>c:\users\lenovo\desktop\比特科技\简单c实现扫雷\简单c实现扫雷\test.c(54): error C2065: “input”: 未声明的标识符
         game.c
     1>c:\users\lenovo\desktop\比特科技\简单c实现扫雷\简单c实现扫雷\game.c(19): error C2143: 语法错误 : 缺少“;”(在“类型”的前面)
     1>c:\users\lenovo\desktop\比特科技\简单c实现扫雷\简单c实现扫雷\game.c(19): error C2143: 语法错误 : 缺少“;”(在“类型”的前面)
     1>c:\users\lenovo\desktop\比特科技\简单c实现扫雷\简单c实现扫雷\game.c(19): error C2143: 语法错误 : 缺少“)”(在“类型”的前面)
     1>c:\users\lenovo\desktop\比特科技\简单c实现扫雷\简单c实现扫雷\game.c(19): error C2143: 语法错误 : 缺少“;”(在“类型”的前面)
     1>c:\users\lenovo\desktop\比特科技\简单c实现扫雷\简单c实现扫雷\game.c(19): warning C4552: “<”: 运算符不起任何作用；应输入带副作用的运算符
     1>c:\users\lenovo\desktop\比特科技\简单c实现扫雷\简单c实现扫雷\game.c(19): error C2059: 语法错误:“)”
     1>c:\users\lenovo\desktop\比特科技\简单c实现扫雷\简单c实现扫雷\game.c(20): error C2143: 语法错误 : 缺少“;”(在“{”的前面)
     1>c:\users\lenovo\desktop\比特科技\简单c实现扫雷\简单c实现扫雷\game.c(143): error C2143: 语法错误 : 缺少“;”(在“类型”的前面)
         正在生成代码...
     1>已完成生成项目“C:\Users\lenovo\Desktop\比特科技\简单C实现扫雷\简单C实现扫雷\简单C实现扫雷.vcxproj”(build 个目标)的操作 - 失败。

生成失败。

已用时间 00:00:00.96
