生成启动时间为 2019-03-23 18:27:24。
     1>项目“C:\Users\lenovo\Desktop\比特科技\判断year是不是润年\判断year是不是润年\判断year是不是润年.vcxproj”在节点 2 上(build 个目标)。
     1>PrepareForBuild:
         正在创建目录“C:\Users\lenovo\Desktop\比特科技\判断year是不是润年\Debug\”。
       InitializeBuildStatus:
         正在创建“Debug\判断year是不是润年.unsuccessfulbuild”，因为已指定“AlwaysCreate”。
       ClCompile:
         C:\Program Files (x86)\Microsoft Visual Studio 10.0\VC\bin\CL.exe /c /ZI /nologo /W3 /WX- /Od /Oy- /D _UNICODE /D UNICODE /Gm /EHsc /RTC1 /MDd /GS /fp:precise /Zc:wchar_t /Zc:forScope /Fo"Debug\\" /Fd"Debug\vc100.pdb" /Gd /TP /analyze- /errorReport:prompt "判断year是不是润年.cpp"
         判断year是不是润年.cpp
     1>c:\users\lenovo\desktop\比特科技\判断year是不是润年\判断year是不是润年\判断year是不是润年.cpp(14): warning C4996: 'scanf': This function or variable may be unsafe. Consider using scanf_s instead. To disable deprecation, use _CRT_SECURE_NO_WARNINGS. See online help for details.
                 c:\program files (x86)\microsoft visual studio 10.0\vc\include\stdio.h(304) : 参见“scanf”的声明
       Link:
         C:\Program Files (x86)\Microsoft Visual Studio 10.0\VC\bin\link.exe /ERRORREPORT:PROMPT /OUT:"C:\Users\lenovo\Desktop\比特科技\判断year是不是润年\Debug\判断year是不是润年.exe" /NOLOGO kernel32.lib user32.lib gdi32.lib winspool.lib comdlg32.lib advapi32.lib shell32.lib ole32.lib oleaut32.lib uuid.lib odbc32.lib odbccp32.lib /MANIFEST /ManifestFile:"Debug\判断year是不是润年.exe.intermediate.manifest" /MANIFESTUAC:"level='asInvoker' uiAccess='false'" /DEBUG /PDB:"C:\Users\lenovo\Desktop\比特科技\判断year是不是润年\Debug\判断year是不是润年.pdb" /TLBID:1 /DYNAMICBASE /NXCOMPAT /IMPLIB:"C:\Users\lenovo\Desktop\比特科技\判断year是不是润年\Debug\判断year是不是润年.lib" /MACHINE:X86 "Debug\判断year是不是润年.obj"
         判断year是不是润年.vcxproj -> C:\Users\lenovo\Desktop\比特科技\判断year是不是润年\Debug\判断year是不是润年.exe
       Manifest:
         C:\Program Files (x86)\Microsoft SDKs\Windows\v7.0A\bin\mt.exe /nologo /verbose /outputresource:"C:\Users\lenovo\Desktop\比特科技\判断year是不是润年\Debug\判断year是不是润年.exe;#1" /manifest "Debug\判断year是不是润年.exe.intermediate.manifest"
       FinalizeBuildStatus:
         正在删除文件“Debug\判断year是不是润年.unsuccessfulbuild”。
         正在对“Debug\判断year是不是润年.lastbuildstate”执行 Touch 任务。
     1>已完成生成项目“C:\Users\lenovo\Desktop\比特科技\判断year是不是润年\判断year是不是润年\判断year是不是润年.vcxproj”(build 个目标)的操作。

生成成功。

已用时间 00:00:02.05
